Arguments: 
  C:\Program Files\nodejs\node.exe C:\Users\rbecerra\AppData\Roaming\npm\node_modules\yarn\bin\yarn.js

PATH: 
  C:\Users\rbecerra\Documents\cmnder\bin;C:\Users\rbecerra\Documents\cmnder\vendor\bin;C:\Users\rbecerra\Documents\cmnder\vendor\conemu-maximus5\ConEmu\Scripts;C:\Users\rbecerra\Documents\cmnder\vendor\conemu-maximus5;C:\Users\rbecerra\Documents\cmnder\vendor\conemu-maximus5\ConEmu;C:\Python27\;C:\Python27\Scripts;C:\ProgramData\DockerDesktop\version-bin;C:\Program Files\Docker\Docker\Resources\bin;C:\Windows\system32;C:\Windows;C:\Windows\System32\Wbem;C:\Windows\System32\WindowsPowerShell\v1.0\;C:\Windows\System32\OpenSSH\;C:\Program Files\nodejs\;C:\ProgramData\chocolatey\bin;C:\Program Files\Git\cmd;C:\Users\rbecerra\AppData\Local\Microsoft\WindowsApps;C:\Users\rbecerra\AppData\Local\Programs\Microsoft VS Code\bin;C:\Users\rbecerra\AppData\Roaming\npm;C:\Program Files\Git\cmd;C:\Program Files\Git\mingw64\bin;C:\Program Files\Git\usr\bin;C:\Users\rbecerra\Documents\cmnder

Yarn version: 
  1.17.3

Node version: 
  12.6.0

Platform: 
  win32 x64

Trace: 
  SyntaxError: C:\Users\rbecerra\progtonode-graphql\package.json: Unexpected token } in JSON at position 356
      at JSON.parse (<anonymous>)
      at C:\Users\rbecerra\AppData\Roaming\npm\node_modules\yarn\lib\cli.js:1625:59
      at Generator.next (<anonymous>)
      at step (C:\Users\rbecerra\AppData\Roaming\npm\node_modules\yarn\lib\cli.js:304:30)
      at C:\Users\rbecerra\AppData\Roaming\npm\node_modules\yarn\lib\cli.js:315:13

npm manifest: 
  {
    "name": "progtonode-graphql-api",
    "version": "1.0.0",
    "description": "",
    "main": "index.js",
    "scripts": {
      "dev": "nodemon --exec babel-node src/server.js",
      "build": "NODE_ENV=PRODUCTION babel src -d dist --copy-files",
      "start": "NODE_ENV=production node dist/server.js",
      "test": "echo \"Error: no test specified\" && exit 1",
    },
    "keywords": [],
    "author": "",
    "license": "ISC",
    "dependencies": {
      "@babel/polyfill": "^7.4.4",
      "apollo-server-core": "^2.5.0",
      "cors": "^2.8.5",
      "dotenv": "^8.0.0",
      "git": "^0.1.5",
      "graphql-shield": "^5.3.5",
      "graphql-yoga": "^1.17.4",
      "moment": "^2.24.0"
    },
    "devDependencies": {
      "@babel/cli": "^7.4.3",
      "@babel/core": "^7.4.4",
      "@babel/node": "^7.2.2",
      "@babel/preset-env": "^7.4.3",
      "babel-loader": "^8.0.0-beta",
      "cz-conventional-changelog": "2.1.0",
      "nodemon": "^1.18.11"
    },
    "config": {
      "commitizen": {
        "path": "./node_modules/cz-conventional-changelog"
      }
    }
  }

yarn manifest: 
  No manifest

Lockfile: 
  No lockfile
